Fri Apr 11 12:12:49 UTC 2025
Sat Apr 12 12:19:34 UTC 2025
Sun Apr 13 12:20:24 UTC 2025
Mon Apr 14 12:22:49 UTC 2025
Tue Apr 15 12:22:50 UTC 2025
Wed Apr 16 12:23:02 UTC 2025
Thu Apr 17 12:22:26 UTC 2025
Fri Apr 18 12:21:38 UTC 2025
Sat Apr 19 12:19:32 UTC 2025
Sun Apr 20 12:20:13 UTC 2025
Mon Apr 21 12:22:10 UTC 2025
Tue Apr 22 12:22:35 UTC 2025
Wed Apr 23 12:22:59 UTC 2025
Thu Apr 24 12:23:20 UTC 2025
Fri Apr 25 12:22:39 UTC 2025
Sat Apr 26 12:20:04 UTC 2025
Sun Apr 27 12:20:23 UTC 2025
Mon Apr 28 12:23:01 UTC 2025
Tue Apr 29 12:24:40 UTC 2025
Wed Apr 30 12:22:36 UTC 2025
Thu May  1 12:22:13 UTC 2025
Fri May  2 12:22:48 UTC 2025
